<?xml version="1.0" encoding="UTF-8"?>
<!-- Generated by org.testng.reporters.JUnitReportReporter -->
<testsuite hostname="ThanhHau" failures="0" tests="4" name="Test.TestLoginSenenium" time="129.953" errors="0" timestamp="2020-10-23T18:19:10 ICT" skipped="0">
  <testcase classname="Test.TestLoginSenenium" name="Test" time="7.544"/>
  <system-out/>
  <testcase classname="Test.TestLoginSenenium" name="Test1" time="73.801"/>
  <system-out/>
  <testcase classname="Test.TestLoginSenenium" name="Test2" time="41.780"/>
  <system-out/>
  <testcase classname="Test.TestLoginSenenium" name="Test3" time="6.828"/>
  <system-out/>
</testsuite> <!-- Test.TestLoginSenenium -->
