<?xml version="1.0" encoding="UTF-8"?>
<!-- Generated by org.testng.reporters.JUnitReportReporter -->
<testsuite hostname="ThanhHau" failures="0" tests="1" name="TestSP.TestAddToCart" time="10.800" errors="0" timestamp="2020-10-22T17:14:25 ICT" skipped="0">
  <testcase classname="TestSP.TestAddToCart" name="Test4" time="10.800"/>
  <system-out/>
</testsuite> <!-- TestSP.TestAddToCart -->
