<?xml version="1.0" encoding="UTF-8"?>
<!-- Generated by org.testng.reporters.JUnitReportReporter -->
<testsuite hostname="ThanhHau" failures="0" tests="3" name="TestSP.TestAllSP" time="55.565" errors="0" timestamp="2020-10-23T18:21:35 ICT" skipped="0">
  <testcase classname="TestSP.TestAllSP" name="Test1" time="41.445"/>
  <system-out/>
  <testcase classname="TestSP.TestAllSP" name="Test2" time="11.728"/>
  <system-out/>
  <testcase classname="TestSP.TestAllSP" name="Test3" time="2.392"/>
  <system-out/>
</testsuite> <!-- TestSP.TestAllSP -->
